<?xml version="1.0" encoding="UTF-8"?>
<!-- Generated by org.testng.reporters.JUnitReportReporter -->
<testsuite hostname="IN-9ZK00J3" failures="0" tests="1" name="Tests.LoginPageTest" time="4.601" errors="0" timestamp="2023-03-14T11:45:05 IST" skipped="0">
  <testcase classname="Tests.LoginPageTest" name="doLoginTest" time="4.601"/>
  <system-out/>
</testsuite> <!-- Tests.LoginPageTest -->
