<?xml version="1.0" encoding="UTF-8"?>
<!-- Generated by org.testng.reporters.JUnitReportReporter -->
<testsuite hostname="IN-9ZK00J3" failures="0" tests="1" name="Tests.LogoutPageTest" time="4.453" errors="0" timestamp="2023-03-14T11:45:05 IST" skipped="0">
  <testcase classname="Tests.LogoutPageTest" name="doLogoutTest" time="4.453"/>
  <system-out/>
</testsuite> <!-- Tests.LogoutPageTest -->
